0fb0 start_logger              160 ---- 2023/06/17 14:48:58.668 -------------------------------------------------
0fb0 start_logger              166 Host process is 'cmd.exe' (pid 4016)
0fb0 start_logger              170 DLL path is 'C:\Users\Cadududu\PycharmProjects\pythonProject\vendor\clink'
0fb0 start_logger              185 Windows version 10.0.19045 (x64)
0fb0 start_logger              187 Clink version 1.4.24.688975 (x64)
0fb0 hook_setter::hook_setter  159 >>> Started hook transaction.
0fb0 hook_setter::attach_iat   316 Attempting to hook SetEnvironmentVariableW in IAT for module 00007FF7465B0000.
0fb0 pe_info::iterate_imports  159 Found import in 'api-ms-win-core-processenvironment-l1-1-0.dll'
0fb0 find_iat                  124 Found import at 00007FF7465E3860 (value is 00007FFEA4BD2FC0).
0fb0 hook_setter::attach_iat   316 Attempting to hook WriteConsoleW in IAT for module 00007FF7465B0000.
0fb0 pe_info::iterate_imports  159 Found import in 'api-ms-win-core-console-l1-1-0.dll'
0fb0 find_iat                  124 Found import at 00007FF7465E34F8 (value is 00007FFEA4B776D0).
0fb0 hook_setter::attach_iat   316 Attempting to hook GetEnvironmentVariableW in IAT for module 00007FF7465B0000.
0fb0 pe_info::iterate_imports  159 Found import in 'api-ms-win-core-processenvironment-l1-1-0.dll'
0fb0 find_iat                  124 Found import at 00007FF7465E3880 (value is 00007FFEA4B95430).
0fb0 hook_setter::commit       207 <<< Hook transaction committed.
0fb0 hook_setter::hook_setter  159 >>> Started hook transaction.
0fb0 hook_setter::detach_iat   359 Attempting to unhook 00007FFE78C2AF50 from GetEnvironmentVariableW in IAT for module 00007FF7465B0000.
0fb0 pe_info::iterate_imports  159 Found import in 'api-ms-win-core-processenvironment-l1-1-0.dll'
0fb0 find_iat                  124 Found import at 00007FF7465E3880 (value is 00007FFE78C2AF50).
0fb0 hook_setter::commit       207 <<< Hook transaction committed.
0fb0 hook_setter::hook_setter  159 >>> Started hook transaction.
0fb0 hook_setter::attach_iat   316 Attempting to hook ReadConsoleW in IAT for module 00007FF7465B0000.
0fb0 pe_info::iterate_imports  159 Found import in 'api-ms-win-core-console-l1-1-0.dll'
0fb0 find_iat                  124 Found import at 00007FF7465E34E0 (value is 00007FFEA4C80A30).
0fb0 hook_setter::commit       207 <<< Hook transaction committed.
0fb0 hook_setter::hook_setter  159 >>> Started hook transaction.
0fb0 hook_setter::attach_iat   316 Attempting to hook SetConsoleTitleW in IAT for module 00007FF7465B0000.
0fb0 pe_info::iterate_imports  159 Found import in 'api-ms-win-core-console-l2-2-0.dll'
0fb0 find_iat                  124 Found import at 00007FF7465E3558 (value is 00007FFEA4BE6930).
0fb0 hook_setter::commit       207 <<< Hook transaction committed.
0fb0 win_screen_buffer::begin  279 Using native terminal support; found 'ConEmuHk64.dll'.
0fb0 host_lua::load_scripts    158 Loaded 2 Lua scripts in 532 ms
0fb0 ={update.lua}               0 Clink updater: too soon to check for updates (1687023083 vs 1687024142).
0fb0 history_db::initialise   1264 master bank ctag: |CTAG_1684441084_185427406_13908_0
0fb0 history_db::compact      1526 History:  31 active, 112 deleted
0fb0 history_db::compact      1526 History:  31 active, 113 deleted
0fb0 history_db::compact      1526 History:  32 active, 113 deleted
0fb0 history_db::compact      1526 History:  33 active, 113 deleted
0fb0 history_db::compact      1526 History:  33 active, 114 deleted
0fb0 history_db::compact      1526 History:  34 active, 114 deleted
0fb0 history_db::compact      1526 History:  35 active, 114 deleted
0fb0 reset_handle              144 resetting mismatched stdout handle
0fb0 history_db::compact      1526 History:  36 active, 114 deleted
0fb0 history_db::compact      1526 History:  37 active, 114 deleted
0fb0 history_db::compact      1526 History:  38 active, 114 deleted
0fb0 reset_handle              144 resetting mismatched stdout handle
0fb0 history_db::compact      1526 History:  38 active, 115 deleted
0fb0 history_db::compact      1526 History:  39 active, 115 deleted
0fb0 history_db::compact      1526 History:  39 active, 116 deleted
0fb0 history_db::compact      1526 History:  39 active, 117 deleted
0fb0 history_db::compact      1526 History:  40 active, 117 deleted
0d9c history_db::initialise   1264 master bank ctag: |CTAG_1684441084_185427406_13908_0
0fb0 reset_handle              144 resetting mismatched stdout handle
0fb0 history_db::compact      1526 History:  40 active, 117 deleted
